<?xml version="1.0" encoding="UTF-8"?>
<!-- Generated by org.testng.reporters.JUnitReportReporter -->
<testsuite hostname="Keerthi" failures="0" tests="1" name="demo.SampleTest" time="7.502" errors="0" timestamp="2024-12-16T11:56:38 IST" skipped="0">
  <testcase classname="demo.SampleTest" name="sampleTest" time="7.502"/>
</testsuite> <!-- demo.SampleTest -->
